<?xml version="1.0" encoding="UTF-8"?>
<!-- Generated by org.testng.reporters.JUnitReportReporter -->
<testsuite hostname="MYSHEC544566L" failures="0" tests="2" name="tests.Test_BaseTest" time="3.960" errors="1" timestamp="2025-06-05T20:35:38 IST" skipped="1">
  <testcase classname="tests.Test_BaseTest" name="test" time="0.000">
    <skipped/>
  </testcase> <!-- test -->
  <system-out/>
  <testcase classname="tests.Test_BaseTest" name="setUp" time="3.960">
    <error message="session not created: This version of ChromeDriver only supports Chrome version 135
Current browser version is 137.0.7151.56 with binary path C:\Users\vemula.krishna\AppData\Local\Google\Chrome\Application\chrome.exe
Build info: version: &#039;3.141.59&#039;, revision: &#039;e82be7d358&#039;, time: &#039;2018-11-14T08:17:03&#039;
System info: host: &#039;MYSHEC544566L&#039;, ip: &#039;192.168.1.5&#039;, os.name: &#039;Windows 11&#039;, os.arch: &#039;amd64&#039;, os.version: &#039;10.0&#039;, java.version: &#039;17.0.3&#039;
Driver info: driver.version: ChromeDriver
remote stacktrace: 	GetHandleVerifier [0x00007FF7E16E5335+78597]
	GetHandleVerifier [0x00007FF7E16E5390+78688]
	(No symbol) [0x00007FF7E14991AA]
	(No symbol) [0x00007FF7E14DD1CF]
	(No symbol) [0x00007FF7E14DC21B]
	(No symbol) [0x00007FF7E14D65A8]
	(No symbol) [0x00007FF7E14D1A5D]
	(No symbol) [0x00007FF7E15251E5]
	(No symbol) [0x00007FF7E15247A0]
	(No symbol) [0x00007FF7E1516EC3]
	(No symbol) [0x00007FF7E14E03F8]
	(No symbol) [0x00007FF7E14E1163]
	GetHandleVerifier [0x00007FF7E198EEED+2870973]
	GetHandleVerifier [0x00007FF7E1989698+2848360]
	GetHandleVerifier [0x00007FF7E19A6973+2967875]
	GetHandleVerifier [0x00007FF7E170017A+188746]
	GetHandleVerifier [0x00007FF7E170845F+222255]
	GetHandleVerifier [0x00007FF7E16ED2B4+111236]
	GetHandleVerifier [0x00007FF7E16ED462+111666]
	GetHandleVerifier [0x00007FF7E16D3589+5465]
	BaseThreadInitThunk [0x00007FFEF17D259D+29]
	RtlUserThreadStart [0x00007FFEF1AEAF58+40]
" type="org.openqa.selenium.SessionNotCreatedException">
      <![CDATA[org.openqa.selenium.SessionNotCreatedException: session not created: This version of ChromeDriver only supports Chrome version 135
Current browser version is 137.0.7151.56 with binary path C:\Users\vemula.krishna\AppData\Local\Google\Chrome\Application\chrome.exe
Build info: version: '3.141.59', revision: 'e82be7d358', time: '2018-11-14T08:17:03'
System info: host: 'MYSHEC544566L', ip: '192.168.1.5', os.name: 'Windows 11', os.arch: 'amd64', os.version: '10.0', java.version: '17.0.3'
Driver info: driver.version: ChromeDriver
remote stacktrace: GetHandleVerifier [0x00007FF7E16E5335+78597]
GetHandleVerifier [0x00007FF7E16E5390+78688]
(No symbol) [0x00007FF7E14991AA]
(No symbol) [0x00007FF7E14DD1CF]
(No symbol) [0x00007FF7E14DC21B]
(No symbol) [0x00007FF7E14D65A8]
(No symbol) [0x00007FF7E14D1A5D]
(No symbol) [0x00007FF7E15251E5]
(No symbol) [0x00007FF7E15247A0]
(No symbol) [0x00007FF7E1516EC3]
(No symbol) [0x00007FF7E14E03F8]
(No symbol) [0x00007FF7E14E1163]
GetHandleVerifier [0x00007FF7E198EEED+2870973]
GetHandleVerifier [0x00007FF7E1989698+2848360]
GetHandleVerifier [0x00007FF7E19A6973+2967875]
GetHandleVerifier [0x00007FF7E170017A+188746]
GetHandleVerifier [0x00007FF7E170845F+222255]
GetHandleVerifier [0x00007FF7E16ED2B4+111236]
GetHandleVerifier [0x00007FF7E16ED462+111666]
GetHandleVerifier [0x00007FF7E16D3589+5465]
BaseThreadInitThunk [0x00007FFEF17D259D+29]
RtlUserThreadStart [0x00007FFEF1AEAF58+40]

at java.base/jdk.internal.reflect.NativeConstructorAccessorImpl.newInstance0(Native Method)
at java.base/jdk.internal.reflect.NativeConstructorAccessorImpl.newInstance(NativeConstructorAccessorImpl.java:77)
at java.base/jdk.internal.reflect.DelegatingConstructorAccessorImpl.newInstance(DelegatingConstructorAccessorImpl.java:45)
at java.base/java.lang.reflect.Constructor.newInstanceWithCaller(Constructor.java:499)
at java.base/java.lang.reflect.Constructor.newInstance(Constructor.java:480)
at org.openqa.selenium.remote.W3CHandshakeResponse.lambda$errorHandler$0(W3CHandshakeResponse.java:62)
at org.openqa.selenium.remote.HandshakeResponse.lambda$getResponseFunction$0(HandshakeResponse.java:30)
at org.openqa.selenium.remote.ProtocolHandshake.lambda$createSession$0(ProtocolHandshake.java:126)
at java.base/java.util.stream.ReferencePipeline$3$1.accept(ReferencePipeline.java:197)
at java.base/java.util.Spliterators$ArraySpliterator.tryAdvance(Spliterators.java:1002)
at java.base/java.util.stream.ReferencePipeline.forEachWithCancel(ReferencePipeline.java:129)
at java.base/java.util.stream.AbstractPipeline.copyIntoWithCancel(AbstractPipeline.java:527)
at java.base/java.util.stream.AbstractPipeline.copyInto(AbstractPipeline.java:513)
at java.base/java.util.stream.AbstractPipeline.wrapAndCopyInto(AbstractPipeline.java:499)
at java.base/java.util.stream.FindOps$FindOp.evaluateSequential(FindOps.java:150)
at java.base/java.util.stream.AbstractPipeline.evaluate(AbstractPipeline.java:234)
at java.base/java.util.stream.ReferencePipeline.findFirst(ReferencePipeline.java:647)
at org.openqa.selenium.remote.ProtocolHandshake.createSession(ProtocolHandshake.java:128)
at org.openqa.selenium.remote.ProtocolHandshake.createSession(ProtocolHandshake.java:74)
at org.openqa.selenium.remote.HttpCommandExecutor.execute(HttpCommandExecutor.java:136)
at org.openqa.selenium.remote.service.DriverCommandExecutor.execute(DriverCommandExecutor.java:83)
at org.openqa.selenium.remote.RemoteWebDriver.execute(RemoteWebDriver.java:552)
at org.openqa.selenium.remote.RemoteWebDriver.startSession(RemoteWebDriver.java:213)
at org.openqa.selenium.remote.RemoteWebDriver.<init>(RemoteWebDriver.java:131)
at org.openqa.selenium.chrome.ChromeDriver.<init>(ChromeDriver.java:181)
at org.openqa.selenium.chrome.ChromeDriver.<init>(ChromeDriver.java:168)
at org.openqa.selenium.chrome.ChromeDriver.<init>(ChromeDriver.java:123)
at base.BaseTest.setUp(BaseTest.java:30)
at java.base/jdk.internal.reflect.NativeMethodAccessorImpl.invoke0(Native Method)
at java.base/jdk.internal.reflect.NativeMethodAccessorImpl.invoke(NativeMethodAccessorImpl.java:77)
at java.base/jdk.internal.reflect.DelegatingMethodAccessorImpl.invoke(DelegatingMethodAccessorImpl.java:43)
at java.base/java.lang.reflect.Method.invoke(Method.java:568)
at org.testng.internal.MethodInvocationHelper.invokeMethod(MethodInvocationHelper.java:133)
at org.testng.internal.MethodInvocationHelper.invokeMethodConsideringTimeout(MethodInvocationHelper.java:62)
at org.testng.internal.ConfigInvoker.invokeConfigurationMethod(ConfigInvoker.java:385)
at org.testng.internal.ConfigInvoker.invokeConfigurations(ConfigInvoker.java:321)
at org.testng.internal.TestInvoker.runConfigMethods(TestInvoker.java:700)
at org.testng.internal.TestInvoker.invokeMethod(TestInvoker.java:527)
at org.testng.internal.TestInvoker.invokeTestMethod(TestInvoker.java:173)
at org.testng.internal.MethodRunner.runInSequence(MethodRunner.java:46)
at org.testng.internal.TestInvoker$MethodInvocationAgent.invoke(TestInvoker.java:824)
at org.testng.internal.TestInvoker.invokeTestMethods(TestInvoker.java:146)
at org.testng.internal.TestMethodWorker.invokeTestMethods(TestMethodWorker.java:146)
at org.testng.internal.TestMethodWorker.run(TestMethodWorker.java:128)
at java.base/java.util.concurrent.ThreadPoolExecutor.runWorker(ThreadPoolExecutor.java:1136)
at java.base/java.util.concurrent.ThreadPoolExecutor$Worker.run(ThreadPoolExecutor.java:635)
at java.base/java.lang.Thread.run(Thread.java:833)
]]>
    </error>
  </testcase> <!-- setUp -->
  <system-out/>
</testsuite> <!-- tests.Test_BaseTest -->
